RUN	VtsTrails.GetQueueData	getqueuedata	1699848980919	 	3.9.5
USER	Get Data From VTS	START	1699848986378
REQUEST		Get VTS Data	1699848986373	1699848987359	KO	jsonPath($.data.VTS_Trails).find.exists preparation crashed: Jackson failed to parse into a valid AST: c.f.j.c.JsonParseException: Unexpected character ('<' (code 60)): expected a valid value (JSON String, Number, Array, Object or token 'null', 'true' or 'false')  at [Source: (SequenceInputStream); line: 1, column: 5]
ERROR	request testing: Failed to build request: j.l.RuntimeException: No attribute named 'work_order_no' is defined 	1699848988368
REQUEST		Post VTS Data	1699848988370	1699848988958	OK	 
REQUEST		Get VTS Data	1699848989975	1699848990627	KO	jsonPath($.data.VTS_Trails).find.exists preparation crashed: Jackson failed to parse into a valid AST: c.f.j.c.JsonParseException: Unexpected character ('<' (code 60)): expected a valid value (JSON String, Number, Array, Object or token 'null', 'true' or 'false')  at [Source: (SequenceInputStream); line: 1, column: 5]
ERROR	request testing: Failed to build request: j.l.RuntimeException: No attribute named 'work_order_no' is defined 	1699848990638
REQUEST		Post VTS Data	1699848990639	1699848990946	OK	 
REQUEST		Get VTS Data	1699848991958	1699848992574	KO	jsonPath($.data.VTS_Trails).find.exists preparation crashed: Jackson failed to parse into a valid AST: c.f.j.c.JsonParseException: Unexpected character ('<' (code 60)): expected a valid value (JSON String, Number, Array, Object or token 'null', 'true' or 'false')  at [Source: (SequenceInputStream); line: 1, column: 5]
ERROR	request testing: Failed to build request: j.l.RuntimeException: No attribute named 'work_order_no' is defined 	1699848992581
REQUEST		Post VTS Data	1699848992582	1699848992901	OK	 
REQUEST		Get VTS Data	1699848993908	1699848994653	KO	jsonPath($.data.VTS_Trails).find.exists preparation crashed: Jackson failed to parse into a valid AST: c.f.j.c.JsonParseException: Unexpected character ('<' (code 60)): expected a valid value (JSON String, Number, Array, Object or token 'null', 'true' or 'false')  at [Source: (SequenceInputStream); line: 1, column: 5]
ERROR	request testing: Failed to build request: j.l.RuntimeException: No attribute named 'work_order_no' is defined 	1699848994662
REQUEST		Post VTS Data	1699848994663	1699848995032	OK	 
REQUEST		Get VTS Data	1699848996038	1699848996353	KO	jsonPath($.data.VTS_Trails).find.exists preparation crashed: Jackson failed to parse into a valid AST: c.f.j.c.JsonParseException: Unexpected character ('<' (code 60)): expected a valid value (JSON String, Number, Array, Object or token 'null', 'true' or 'false')  at [Source: (SequenceInputStream); line: 1, column: 5]
ERROR	request testing: Failed to build request: j.l.RuntimeException: No attribute named 'work_order_no' is defined 	1699848996360
REQUEST		Post VTS Data	1699848996361	1699848996670	OK	 
REQUEST		Get VTS Data	1699848997680	1699848998327	KO	jsonPath($.data.VTS_Trails).find.exists preparation crashed: Jackson failed to parse into a valid AST: c.f.j.c.JsonParseException: Unexpected character ('<' (code 60)): expected a valid value (JSON String, Number, Array, Object or token 'null', 'true' or 'false')  at [Source: (SequenceInputStream); line: 1, column: 5]
ERROR	request testing: Failed to build request: j.l.RuntimeException: No attribute named 'work_order_no' is defined 	1699848998333
REQUEST		Post VTS Data	1699848998333	1699848998642	OK	 
REQUEST		Get VTS Data	1699848999658	1699849000435	KO	jsonPath($.data.VTS_Trails).find.exists preparation crashed: Jackson failed to parse into a valid AST: c.f.j.c.JsonParseException: Unexpected character ('<' (code 60)): expected a valid value (JSON String, Number, Array, Object or token 'null', 'true' or 'false')  at [Source: (SequenceInputStream); line: 1, column: 5]
ERROR	request testing: Failed to build request: j.l.RuntimeException: No attribute named 'work_order_no' is defined 	1699849000440
REQUEST		Post VTS Data	1699849000441	1699849000790	OK	 
USER	Get Data From VTS	END	1699849001800
